<?xml version="1.0" encoding="UTF-8"?>
<!-- Generated by org.testng.reporters.JUnitReportReporter -->
<testsuite skipped="0" hostname="Admin_PC" name="com.icndb.Icndb.LimitToCategories" tests="7" failures="0" timestamp="26 мая 2018 15:26:02 GMT" time="4.337" errors="4">
  <testcase name="test" time="0.212" classname="com.icndb.Icndb.LimitToCategories"/>
  <testcase name="negativeTest" time="0.237" classname="com.icndb.Icndb.LimitToCategories">
    <error type="com.fasterxml.jackson.databind.JsonMappingException" message="Can not deserialize instance of java.lang.String out of START_ARRAY token
 at [Source: { &quot;type&quot;: &quot;success&quot;, &quot;value&quot;: [ { &quot;id&quot;: 1, &quot;joke&quot;: &quot;Chuck Norris uses ribbed condoms inside out, so he gets the pleasure.&quot;, &quot;categories&quot;: [&quot;explicit&quot;] }, { &quot;id&quot;: 5, &quot;joke&quot;: &quot;Chuck Norris lost his virginity before his dad did.&quot;, &quot;categories&quot;: [&quot;explicit&quot;] }, { &quot;id&quot;: 13, &quot;joke&quot;: &quot;Chuck Norris once challenged Lance Armstrong in a &amp;quot;Who has more testicles?&amp;quot; contest. Chuck Norris won by 5.&quot;, &quot;categories&quot;: [&quot;explicit&quot;] }, { &quot;id&quot;: 17, &quot;joke&quot;: &quot;Chuck Norris does not teabag the ladies. He potato-sacks them.&quot;, &quot;categories&quot;: [&quot;explicit&quot;] }, { &quot;id&quot;: 46, &quot;joke&quot;: &quot;Chuck Norris once ate three 72 oz. steaks in one hour. He spent the first 45 minutes having sex with his waitress.&quot;, &quot;categories&quot;: [&quot;explicit&quot;] }, { &quot;id&quot;: 71, &quot;joke&quot;: &quot;When Chuck Norris has sex with a man, it won&#039;t be because he is gay. It will be because he has run out of women.&quot;, &quot;categories&quot;: [&quot;explicit&quot;] }, { &quot;id&quot;: 89, &quot;joke&quot;: &quot;For some, the left testicle is larger than the right one. For Chuck Norris, each testicle is larger than the other one.&quot;, &quot;categories&quot;: [&quot;explicit&quot;] }, { &quot;id&quot;: 229, &quot;joke&quot;: &quot;One day Chuck Norris walked down the street with a massive erection. There were no survivors.&quot;, &quot;categories&quot;: [&quot;explicit&quot;] }, { &quot;id&quot;: 293, &quot;joke&quot;: &quot;70% of a human&#039;s weight is water. 70% of Chuck Norris&#039; weight is his dick.&quot;, &quot;categories&quot;: [&quot;explicit&quot;] }, { &quot;id&quot;: 400, &quot;joke&quot;: &quot;Chuck Norris&#039; dick is so big, it has it&#039;s own dick, and that dick is still bigger than yours.&quot;, &quot;categories&quot;: [&quot;explicit&quot;] }, { &quot;id&quot;: 553, &quot;joke&quot;: &quot;China lets Chuck Norris search for porn on Google.&quot;, &quot;categories&quot;: [&quot;explicit&quot;] }, { &quot;id&quot;: 555, &quot;joke&quot;: &quot;Chuck Norris doesn&#039;t have pubic hairs because hair doesn&#039;t grow on balls of steal.&quot;, &quot;categories&quot;: [&quot;explicit&quot;] } ]  }; line: 1, column: 31] (through reference chain: com.icndb.Icndb.JokeError[&quot;value&quot;])">
      <![CDATA[com.fasterxml.jackson.databind.JsonMappingException: Can not deserialize instance of java.lang.String out of START_ARRAY token
 at [Source: { "type": "success", "value": [ { "id": 1, "joke": "Chuck Norris uses ribbed condoms inside out, so he gets the pleasure.", "categories": ["explicit"] }, { "id": 5, "joke": "Chuck Norris lost his virginity before his dad did.", "categories": ["explicit"] }, { "id": 13, "joke": "Chuck Norris once challenged Lance Armstrong in a &quot;Who has more testicles?&quot; contest. Chuck Norris won by 5.", "categories": ["explicit"] }, { "id": 17, "joke": "Chuck Norris does not teabag the ladies. He potato-sacks them.", "categories": ["explicit"] }, { "id": 46, "joke": "Chuck Norris once ate three 72 oz. steaks in one hour. He spent the first 45 minutes having sex with his waitress.", "categories": ["explicit"] }, { "id": 71, "joke": "When Chuck Norris has sex with a man, it won't be because he is gay. It will be because he has run out of women.", "categories": ["explicit"] }, { "id": 89, "joke": "For some, the left testicle is larger than the right one. For Chuck Norris, each testicle is larger than the other one.", "categories": ["explicit"] }, { "id": 229, "joke": "One day Chuck Norris walked down the street with a massive erection. There were no survivors.", "categories": ["explicit"] }, { "id": 293, "joke": "70% of a human's weight is water. 70% of Chuck Norris' weight is his dick.", "categories": ["explicit"] }, { "id": 400, "joke": "Chuck Norris' dick is so big, it has it's own dick, and that dick is still bigger than yours.", "categories": ["explicit"] }, { "id": 553, "joke": "China lets Chuck Norris search for porn on Google.", "categories": ["explicit"] }, { "id": 555, "joke": "Chuck Norris doesn't have pubic hairs because hair doesn't grow on balls of steal.", "categories": ["explicit"] } ]  }; line: 1, column: 31] (through reference chain: com.icndb.Icndb.JokeError["value"])
at com.fasterxml.jackson.databind.JsonMappingException.from(JsonMappingException.java:216)
at com.fasterxml.jackson.databind.DeserializationContext.mappingException(DeserializationContext.java:873)
at com.fasterxml.jackson.databind.deser.std.StringDeserializer.deserialize(StringDeserializer.java:61)
at com.fasterxml.jackson.databind.deser.std.StringDeserializer.deserialize(StringDeserializer.java:11)
at com.fasterxml.jackson.databind.deser.SettableBeanProperty.deserialize(SettableBeanProperty.java:490)
at com.fasterxml.jackson.databind.deser.impl.MethodProperty.deserializeAndSet(MethodProperty.java:95)
at com.fasterxml.jackson.databind.deser.BeanDeserializer.vanillaDeserialize(BeanDeserializer.java:260)
at com.fasterxml.jackson.databind.deser.BeanDeserializer.deserialize(BeanDeserializer.java:125)
at com.fasterxml.jackson.databind.ObjectMapper._readMapAndClose(ObjectMapper.java:3788)
at com.fasterxml.jackson.databind.ObjectMapper.readValue(ObjectMapper.java:2817)
at com.fasterxml.jackson.databind.ObjectMapper$readValue$0.call(Unknown Source)
at io.restassured.internal.path.json.mapping.JsonPathJackson2ObjectDeserializer.deserialize(JsonPathJackson2ObjectDeserializer.groovy:47)
at io.restassured.path.json.mapping.JsonPathObjectDeserializer$deserialize.call(Unknown Source)
at io.restassured.internal.mapping.Jackson2Mapper.deserialize(Jackson2Mapper.groovy:58)
at io.restassured.mapper.ObjectMapper$deserialize.call(Unknown Source)
at io.restassured.internal.mapping.ObjectMapping.parseWithJackson2(ObjectMapping.groovy:204)
at io.restassured.internal.mapping.ObjectMapping$parseWithJackson2$0.callStatic(Unknown Source)
at io.restassured.internal.mapping.ObjectMapping.deserialize(ObjectMapping.groovy:57)
at io.restassured.internal.mapping.ObjectMapping$deserialize.call(Unknown Source)
at io.restassured.internal.RestAssuredResponseOptionsGroovyImpl.as(RestAssuredResponseOptionsGroovyImpl.groovy:223)
at io.restassured.internal.RestAssuredResponseOptionsImpl.as(RestAssuredResponseOptionsImpl.java:165)
at com.icndb.Icndb.LimitToCategories.negativeTest(LimitToCategories.java:93)
at sun.reflect.NativeMethodAccessorImpl.invoke0(Native Method)
at sun.reflect.NativeMethodAccessorImpl.invoke(NativeMethodAccessorImpl.java:62)
at sun.reflect.DelegatingMethodAccessorImpl.invoke(DelegatingMethodAccessorImpl.java:43)
at java.lang.reflect.Method.invoke(Method.java:498)
at org.testng.internal.MethodInvocationHelper.invokeMethod(MethodInvocationHelper.java:124)
at org.testng.internal.Invoker.invokeMethod(Invoker.java:583)
at org.testng.internal.Invoker.invokeTestMethod(Invoker.java:719)
at org.testng.internal.Invoker.invokeTestMethods(Invoker.java:989)
at org.testng.internal.TestMethodWorker.invokeTestMethods(TestMethodWorker.java:125)
at org.testng.internal.TestMethodWorker.run(TestMethodWorker.java:109)
at org.testng.TestRunner.privateRun(TestRunner.java:648)
at org.testng.TestRunner.run(TestRunner.java:505)
at org.testng.SuiteRunner.runTest(SuiteRunner.java:455)
at org.testng.SuiteRunner.runSequentially(SuiteRunner.java:450)
at org.testng.SuiteRunner.privateRun(SuiteRunner.java:415)
at org.testng.SuiteRunner.run(SuiteRunner.java:364)
at org.testng.SuiteRunnerWorker.runSuite(SuiteRunnerWorker.java:52)
at org.testng.SuiteRunnerWorker.run(SuiteRunnerWorker.java:84)
at org.testng.TestNG.runSuitesSequentially(TestNG.java:1208)
at org.testng.TestNG.runSuitesLocally(TestNG.java:1137)
at org.testng.TestNG.runSuites(TestNG.java:1049)
at org.testng.TestNG.run(TestNG.java:1017)
at org.testng.remote.AbstractRemoteTestNG.run(AbstractRemoteTestNG.java:114)
at org.testng.remote.RemoteTestNG.initAndRun(RemoteTestNG.java:251)
at org.testng.remote.RemoteTestNG.main(RemoteTestNG.java:77)
]]>
    </error>
  </testcase> <!-- negativeTest -->
  <testcase name="test" time="0.250" classname="com.icndb.Icndb.LimitToCategories"/>
  <testcase name="negativeTest" time="0.257" classname="com.icndb.Icndb.LimitToCategories">
    <error type="com.fasterxml.jackson.databind.JsonMappingException" message="Can not deserialize instance of java.lang.String out of START_ARRAY token
 at [Source: { &quot;type&quot;: &quot;success&quot;, &quot;value&quot;: [  ]  }; line: 1, column: 31] (through reference chain: com.icndb.Icndb.JokeError[&quot;value&quot;])">
      <![CDATA[com.fasterxml.jackson.databind.JsonMappingException: Can not deserialize instance of java.lang.String out of START_ARRAY token
 at [Source: { "type": "success", "value": [  ]  }; line: 1, column: 31] (through reference chain: com.icndb.Icndb.JokeError["value"])
at com.fasterxml.jackson.databind.JsonMappingException.from(JsonMappingException.java:216)
at com.fasterxml.jackson.databind.DeserializationContext.mappingException(DeserializationContext.java:873)
at com.fasterxml.jackson.databind.deser.std.StringDeserializer.deserialize(StringDeserializer.java:61)
at com.fasterxml.jackson.databind.deser.std.StringDeserializer.deserialize(StringDeserializer.java:11)
at com.fasterxml.jackson.databind.deser.SettableBeanProperty.deserialize(SettableBeanProperty.java:490)
at com.fasterxml.jackson.databind.deser.impl.MethodProperty.deserializeAndSet(MethodProperty.java:95)
at com.fasterxml.jackson.databind.deser.BeanDeserializer.vanillaDeserialize(BeanDeserializer.java:260)
at com.fasterxml.jackson.databind.deser.BeanDeserializer.deserialize(BeanDeserializer.java:125)
at com.fasterxml.jackson.databind.ObjectMapper._readMapAndClose(ObjectMapper.java:3788)
at com.fasterxml.jackson.databind.ObjectMapper.readValue(ObjectMapper.java:2817)
at com.fasterxml.jackson.databind.ObjectMapper$readValue$0.call(Unknown Source)
at io.restassured.internal.path.json.mapping.JsonPathJackson2ObjectDeserializer.deserialize(JsonPathJackson2ObjectDeserializer.groovy:47)
at io.restassured.path.json.mapping.JsonPathObjectDeserializer$deserialize.call(Unknown Source)
at io.restassured.internal.mapping.Jackson2Mapper.deserialize(Jackson2Mapper.groovy:58)
at io.restassured.mapper.ObjectMapper$deserialize.call(Unknown Source)
at io.restassured.internal.mapping.ObjectMapping.parseWithJackson2(ObjectMapping.groovy:204)
at io.restassured.internal.mapping.ObjectMapping$parseWithJackson2$0.callStatic(Unknown Source)
at io.restassured.internal.mapping.ObjectMapping.deserialize(ObjectMapping.groovy:57)
at io.restassured.internal.mapping.ObjectMapping$deserialize.call(Unknown Source)
at io.restassured.internal.RestAssuredResponseOptionsGroovyImpl.as(RestAssuredResponseOptionsGroovyImpl.groovy:223)
at io.restassured.internal.RestAssuredResponseOptionsImpl.as(RestAssuredResponseOptionsImpl.java:165)
at com.icndb.Icndb.LimitToCategories.negativeTest(LimitToCategories.java:93)
at sun.reflect.NativeMethodAccessorImpl.invoke0(Native Method)
at sun.reflect.NativeMethodAccessorImpl.invoke(NativeMethodAccessorImpl.java:62)
at sun.reflect.DelegatingMethodAccessorImpl.invoke(DelegatingMethodAccessorImpl.java:43)
at java.lang.reflect.Method.invoke(Method.java:498)
at org.testng.internal.MethodInvocationHelper.invokeMethod(MethodInvocationHelper.java:124)
at org.testng.internal.Invoker.invokeMethod(Invoker.java:583)
at org.testng.internal.Invoker.invokeTestMethod(Invoker.java:719)
at org.testng.internal.Invoker.invokeTestMethods(Invoker.java:989)
at org.testng.internal.TestMethodWorker.invokeTestMethods(TestMethodWorker.java:125)
at org.testng.internal.TestMethodWorker.run(TestMethodWorker.java:109)
at org.testng.TestRunner.privateRun(TestRunner.java:648)
at org.testng.TestRunner.run(TestRunner.java:505)
at org.testng.SuiteRunner.runTest(SuiteRunner.java:455)
at org.testng.SuiteRunner.runSequentially(SuiteRunner.java:450)
at org.testng.SuiteRunner.privateRun(SuiteRunner.java:415)
at org.testng.SuiteRunner.run(SuiteRunner.java:364)
at org.testng.SuiteRunnerWorker.runSuite(SuiteRunnerWorker.java:52)
at org.testng.SuiteRunnerWorker.run(SuiteRunnerWorker.java:84)
at org.testng.TestNG.runSuitesSequentially(TestNG.java:1208)
at org.testng.TestNG.runSuitesLocally(TestNG.java:1137)
at org.testng.TestNG.runSuites(TestNG.java:1049)
at org.testng.TestNG.run(TestNG.java:1017)
at org.testng.remote.AbstractRemoteTestNG.run(AbstractRemoteTestNG.java:114)
at org.testng.remote.RemoteTestNG.initAndRun(RemoteTestNG.java:251)
at org.testng.remote.RemoteTestNG.main(RemoteTestNG.java:77)
]]>
    </error>
  </testcase> <!-- negativeTest -->
  <testcase name="test" time="0.238" classname="com.icndb.Icndb.LimitToCategories"/>
  <testcase name="negativeTest" time="2.918" classname="com.icndb.Icndb.LimitToCategories">
    <error type="com.fasterxml.jackson.databind.JsonMappingException" message="Can not deserialize instance of java.lang.String out of START_ARRAY token
 at [Source: { &quot;type&quot;: &quot;success&quot;, &quot;value&quot;: [  ]  }; line: 1, column: 31] (through reference chain: com.icndb.Icndb.JokeError[&quot;value&quot;])">
      <![CDATA[com.fasterxml.jackson.databind.JsonMappingException: Can not deserialize instance of java.lang.String out of START_ARRAY token
 at [Source: { "type": "success", "value": [  ]  }; line: 1, column: 31] (through reference chain: com.icndb.Icndb.JokeError["value"])
at com.fasterxml.jackson.databind.JsonMappingException.from(JsonMappingException.java:216)
at com.fasterxml.jackson.databind.DeserializationContext.mappingException(DeserializationContext.java:873)
at com.fasterxml.jackson.databind.deser.std.StringDeserializer.deserialize(StringDeserializer.java:61)
at com.fasterxml.jackson.databind.deser.std.StringDeserializer.deserialize(StringDeserializer.java:11)
at com.fasterxml.jackson.databind.deser.SettableBeanProperty.deserialize(SettableBeanProperty.java:490)
at com.fasterxml.jackson.databind.deser.impl.MethodProperty.deserializeAndSet(MethodProperty.java:95)
at com.fasterxml.jackson.databind.deser.BeanDeserializer.vanillaDeserialize(BeanDeserializer.java:260)
at com.fasterxml.jackson.databind.deser.BeanDeserializer.deserialize(BeanDeserializer.java:125)
at com.fasterxml.jackson.databind.ObjectMapper._readMapAndClose(ObjectMapper.java:3788)
at com.fasterxml.jackson.databind.ObjectMapper.readValue(ObjectMapper.java:2817)
at com.fasterxml.jackson.databind.ObjectMapper$readValue$0.call(Unknown Source)
at org.codehaus.groovy.runtime.callsite.CallSiteArray.defaultCall(CallSiteArray.java:48)
at org.codehaus.groovy.runtime.callsite.AbstractCallSite.call(AbstractCallSite.java:113)
at org.codehaus.groovy.runtime.callsite.AbstractCallSite.call(AbstractCallSite.java:133)
at io.restassured.internal.path.json.mapping.JsonPathJackson2ObjectDeserializer.deserialize(JsonPathJackson2ObjectDeserializer.groovy:47)
at io.restassured.path.json.mapping.JsonPathObjectDeserializer$deserialize.call(Unknown Source)
at org.codehaus.groovy.runtime.callsite.CallSiteArray.defaultCall(CallSiteArray.java:48)
at org.codehaus.groovy.runtime.callsite.AbstractCallSite.call(AbstractCallSite.java:113)
at org.codehaus.groovy.runtime.callsite.AbstractCallSite.call(AbstractCallSite.java:125)
at io.restassured.internal.mapping.Jackson2Mapper.deserialize(Jackson2Mapper.groovy:58)
at io.restassured.mapper.ObjectMapper$deserialize.call(Unknown Source)
at org.codehaus.groovy.runtime.callsite.CallSiteArray.defaultCall(CallSiteArray.java:48)
at org.codehaus.groovy.runtime.callsite.AbstractCallSite.call(AbstractCallSite.java:113)
at org.codehaus.groovy.runtime.callsite.AbstractCallSite.call(AbstractCallSite.java:125)
at io.restassured.internal.mapping.ObjectMapping.parseWithJackson2(ObjectMapping.groovy:204)
at io.restassured.internal.mapping.ObjectMapping$parseWithJackson2$0.callStatic(Unknown Source)
at org.codehaus.groovy.runtime.callsite.CallSiteArray.defaultCallStatic(CallSiteArray.java:56)
at org.codehaus.groovy.runtime.callsite.AbstractCallSite.callStatic(AbstractCallSite.java:194)
at org.codehaus.groovy.runtime.callsite.AbstractCallSite.callStatic(AbstractCallSite.java:214)
at io.restassured.internal.mapping.ObjectMapping.deserialize(ObjectMapping.groovy:57)
at io.restassured.internal.mapping.ObjectMapping$deserialize.call(Unknown Source)
at org.codehaus.groovy.runtime.callsite.CallSiteArray.defaultCall(CallSiteArray.java:48)
at org.codehaus.groovy.runtime.callsite.AbstractCallSite.call(AbstractCallSite.java:113)
at io.restassured.internal.RestAssuredResponseOptionsGroovyImpl.as(RestAssuredResponseOptionsGroovyImpl.groovy:223)
at io.restassured.internal.RestAssuredResponseOptionsImpl.as(RestAssuredResponseOptionsImpl.java:165)
at com.icndb.Icndb.LimitToCategories.negativeTest(LimitToCategories.java:93)
at sun.reflect.NativeMethodAccessorImpl.invoke0(Native Method)
at sun.reflect.NativeMethodAccessorImpl.invoke(NativeMethodAccessorImpl.java:62)
at sun.reflect.DelegatingMethodAccessorImpl.invoke(DelegatingMethodAccessorImpl.java:43)
at java.lang.reflect.Method.invoke(Method.java:498)
at org.testng.internal.MethodInvocationHelper.invokeMethod(MethodInvocationHelper.java:124)
at org.testng.internal.Invoker.invokeMethod(Invoker.java:583)
at org.testng.internal.Invoker.invokeTestMethod(Invoker.java:719)
at org.testng.internal.Invoker.invokeTestMethods(Invoker.java:989)
at org.testng.internal.TestMethodWorker.invokeTestMethods(TestMethodWorker.java:125)
at org.testng.internal.TestMethodWorker.run(TestMethodWorker.java:109)
at org.testng.TestRunner.privateRun(TestRunner.java:648)
at org.testng.TestRunner.run(TestRunner.java:505)
at org.testng.SuiteRunner.runTest(SuiteRunner.java:455)
at org.testng.SuiteRunner.runSequentially(SuiteRunner.java:450)
at org.testng.SuiteRunner.privateRun(SuiteRunner.java:415)
at org.testng.SuiteRunner.run(SuiteRunner.java:364)
at org.testng.SuiteRunnerWorker.runSuite(SuiteRunnerWorker.java:52)
at org.testng.SuiteRunnerWorker.run(SuiteRunnerWorker.java:84)
at org.testng.TestNG.runSuitesSequentially(TestNG.java:1208)
at org.testng.TestNG.runSuitesLocally(TestNG.java:1137)
at org.testng.TestNG.runSuites(TestNG.java:1049)
at org.testng.TestNG.run(TestNG.java:1017)
at org.testng.remote.AbstractRemoteTestNG.run(AbstractRemoteTestNG.java:114)
at org.testng.remote.RemoteTestNG.initAndRun(RemoteTestNG.java:251)
at org.testng.remote.RemoteTestNG.main(RemoteTestNG.java:77)
]]>
    </error>
  </testcase> <!-- negativeTest -->
  <testcase name="negativeTest" time="0.225" classname="com.icndb.Icndb.LimitToCategories">
    <error type="com.fasterxml.jackson.databind.JsonMappingException" message="Can not deserialize instance of java.lang.String out of START_ARRAY token
 at [Source: { &quot;type&quot;: &quot;success&quot;, &quot;value&quot;: [  ]  }; line: 1, column: 31] (through reference chain: com.icndb.Icndb.JokeError[&quot;value&quot;])">
      <![CDATA[com.fasterxml.jackson.databind.JsonMappingException: Can not deserialize instance of java.lang.String out of START_ARRAY token
 at [Source: { "type": "success", "value": [  ]  }; line: 1, column: 31] (through reference chain: com.icndb.Icndb.JokeError["value"])
at com.fasterxml.jackson.databind.JsonMappingException.from(JsonMappingException.java:216)
at com.fasterxml.jackson.databind.DeserializationContext.mappingException(DeserializationContext.java:873)
at com.fasterxml.jackson.databind.deser.std.StringDeserializer.deserialize(StringDeserializer.java:61)
at com.fasterxml.jackson.databind.deser.std.StringDeserializer.deserialize(StringDeserializer.java:11)
at com.fasterxml.jackson.databind.deser.SettableBeanProperty.deserialize(SettableBeanProperty.java:490)
at com.fasterxml.jackson.databind.deser.impl.MethodProperty.deserializeAndSet(MethodProperty.java:95)
at com.fasterxml.jackson.databind.deser.BeanDeserializer.vanillaDeserialize(BeanDeserializer.java:260)
at com.fasterxml.jackson.databind.deser.BeanDeserializer.deserialize(BeanDeserializer.java:125)
at com.fasterxml.jackson.databind.ObjectMapper._readMapAndClose(ObjectMapper.java:3788)
at com.fasterxml.jackson.databind.ObjectMapper.readValue(ObjectMapper.java:2817)
at com.fasterxml.jackson.databind.ObjectMapper$readValue$0.call(Unknown Source)
at io.restassured.internal.path.json.mapping.JsonPathJackson2ObjectDeserializer.deserialize(JsonPathJackson2ObjectDeserializer.groovy:47)
at io.restassured.path.json.mapping.JsonPathObjectDeserializer$deserialize.call(Unknown Source)
at io.restassured.internal.mapping.Jackson2Mapper.deserialize(Jackson2Mapper.groovy:58)
at io.restassured.mapper.ObjectMapper$deserialize.call(Unknown Source)
at io.restassured.internal.mapping.ObjectMapping.parseWithJackson2(ObjectMapping.groovy:204)
at io.restassured.internal.mapping.ObjectMapping$parseWithJackson2$0.callStatic(Unknown Source)
at io.restassured.internal.mapping.ObjectMapping.deserialize(ObjectMapping.groovy:57)
at io.restassured.internal.mapping.ObjectMapping$deserialize.call(Unknown Source)
at io.restassured.internal.RestAssuredResponseOptionsGroovyImpl.as(RestAssuredResponseOptionsGroovyImpl.groovy:223)
at io.restassured.internal.RestAssuredResponseOptionsImpl.as(RestAssuredResponseOptionsImpl.java:165)
at com.icndb.Icndb.LimitToCategories.negativeTest(LimitToCategories.java:93)
at sun.reflect.NativeMethodAccessorImpl.invoke0(Native Method)
at sun.reflect.NativeMethodAccessorImpl.invoke(NativeMethodAccessorImpl.java:62)
at sun.reflect.DelegatingMethodAccessorImpl.invoke(DelegatingMethodAccessorImpl.java:43)
at java.lang.reflect.Method.invoke(Method.java:498)
at org.testng.internal.MethodInvocationHelper.invokeMethod(MethodInvocationHelper.java:124)
at org.testng.internal.Invoker.invokeMethod(Invoker.java:583)
at org.testng.internal.Invoker.invokeTestMethod(Invoker.java:719)
at org.testng.internal.Invoker.invokeTestMethods(Invoker.java:989)
at org.testng.internal.TestMethodWorker.invokeTestMethods(TestMethodWorker.java:125)
at org.testng.internal.TestMethodWorker.run(TestMethodWorker.java:109)
at org.testng.TestRunner.privateRun(TestRunner.java:648)
at org.testng.TestRunner.run(TestRunner.java:505)
at org.testng.SuiteRunner.runTest(SuiteRunner.java:455)
at org.testng.SuiteRunner.runSequentially(SuiteRunner.java:450)
at org.testng.SuiteRunner.privateRun(SuiteRunner.java:415)
at org.testng.SuiteRunner.run(SuiteRunner.java:364)
at org.testng.SuiteRunnerWorker.runSuite(SuiteRunnerWorker.java:52)
at org.testng.SuiteRunnerWorker.run(SuiteRunnerWorker.java:84)
at org.testng.TestNG.runSuitesSequentially(TestNG.java:1208)
at org.testng.TestNG.runSuitesLocally(TestNG.java:1137)
at org.testng.TestNG.runSuites(TestNG.java:1049)
at org.testng.TestNG.run(TestNG.java:1017)
at org.testng.remote.AbstractRemoteTestNG.run(AbstractRemoteTestNG.java:114)
at org.testng.remote.RemoteTestNG.initAndRun(RemoteTestNG.java:251)
at org.testng.remote.RemoteTestNG.main(RemoteTestNG.java:77)
]]>
    </error>
  </testcase> <!-- negativeTest -->
</testsuite> <!-- com.icndb.Icndb.LimitToCategories -->
