<?xml version="1.0" encoding="UTF-8"?>
<!-- Generated by org.testng.reporters.JUnitReportReporter -->
<testsuite skipped="0" hostname="Admin_PC" name="com.icndb.Icndb.NewTest1" tests="1" failures="0" timestamp="17 мая 2018 17:36:19 GMT" time="0.222" errors="0">
  <testcase name="test1" time="0.222" classname="com.icndb.Icndb.NewTest1"/>
</testsuite> <!-- com.icndb.Icndb.NewTest1 -->
