<?xml version="1.0" encoding="UTF-8"?>
<!-- Generated by org.testng.reporters.JUnitReportReporter -->
<testsuite skipped="0" hostname="Admin_PC" name="com.icndb.Icndb.Categories" tests="2" failures="0" timestamp="20 мая 2018 13:32:20 GMT" time="3.343" errors="0">
  <testcase name="randomTest" time="0.295" classname="com.icndb.Icndb.Categories"/>
  <testcase name="randomTest" time="3.048" classname="com.icndb.Icndb.Categories"/>
</testsuite> <!-- com.icndb.Icndb.Categories -->
